<?xml version="1.0" encoding="UTF-8"?>
<testng-results ignored="0" total="18" passed="18" failed="0" skipped="0">
  <reporter-output>
  </reporter-output>
  <suite started-at="2024-05-07T16:36:16 IST" name="Default suite" finished-at="2024-05-07T16:36:52 IST" duration-ms="36409">
    <groups>
    </groups>
    <test started-at="2024-05-07T16:36:16 IST" name="Default test" finished-at="2024-05-07T16:36:52 IST" duration-ms="36409">
      <class name="WorldClock.TestMain">
        <test-method is-config="true" signature="openPage()[pri:0, instance:WorldClock.TestMain@6a78afa0]" started-at="2024-05-07T16:35:45 IST" name="openPage" finished-at="2024-05-07T16:36:16 IST" duration-ms="30786" status="PASS">
          <reporter-output>
          </reporter-output>
        </test-method> <!-- openPage -->
        <test-method signature="userInfo()[pri:1, instance:WorldClock.TestMain@6a78afa0]" started-at="2024-05-07T16:36:16 IST" name="userInfo" finished-at="2024-05-07T16:36:31 IST" duration-ms="14261" status="PASS">
          <reporter-output>
          </reporter-output>
        </test-method> <!-- userInfo -->
        <test-method signature="Test_WorldClock_Title()[pri:2, instance:WorldClock.TestMain@6a78afa0]" started-at="2024-05-07T16:36:31 IST" name="Test_WorldClock_Title" finished-at="2024-05-07T16:36:32 IST" duration-ms="819" status="PASS">
          <reporter-output>
          </reporter-output>
        </test-method> <!-- Test_WorldClock_Title -->
        <test-method signature="bangloreTimeZone()[pri:3, instance:WorldClock.TestMain@6a78afa0]" started-at="2024-05-07T16:36:32 IST" name="bangloreTimeZone" finished-at="2024-05-07T16:36:32 IST" duration-ms="441" status="PASS">
          <reporter-output>
          </reporter-output>
        </test-method> <!-- bangloreTimeZone -->
        <test-method signature="bangaloreWatchTitle()[pri:4, instance:WorldClock.TestMain@6a78afa0]" started-at="2024-05-07T16:36:32 IST" name="bangaloreWatchTitle" finished-at="2024-05-07T16:36:32 IST" duration-ms="322" status="PASS">
          <reporter-output>
          </reporter-output>
        </test-method> <!-- bangaloreWatchTitle -->
        <test-method signature="bangaloreTime()[pri:5, instance:WorldClock.TestMain@6a78afa0]" started-at="2024-05-07T16:36:32 IST" name="bangaloreTime" finished-at="2024-05-07T16:36:33 IST" duration-ms="329" status="PASS">
          <reporter-output>
          </reporter-output>
        </test-method> <!-- bangaloreTime -->
        <test-method signature="bangaloreDate()[pri:6, instance:WorldClock.TestMain@6a78afa0]" started-at="2024-05-07T16:36:33 IST" name="bangaloreDate" finished-at="2024-05-07T16:36:33 IST" duration-ms="292" status="PASS">
          <reporter-output>
          </reporter-output>
        </test-method> <!-- bangaloreDate -->
        <test-method signature="londonWatchTitle()[pri:7, instance:WorldClock.TestMain@6a78afa0]" started-at="2024-05-07T16:36:33 IST" name="londonWatchTitle" finished-at="2024-05-07T16:36:33 IST" duration-ms="70" status="PASS">
          <reporter-output>
          </reporter-output>
        </test-method> <!-- londonWatchTitle -->
        <test-method signature="londonTime()[pri:8, instance:WorldClock.TestMain@6a78afa0]" started-at="2024-05-07T16:36:33 IST" name="londonTime" finished-at="2024-05-07T16:36:33 IST" duration-ms="332" status="PASS">
          <reporter-output>
          </reporter-output>
        </test-method> <!-- londonTime -->
        <test-method signature="londonDate()[pri:9, instance:WorldClock.TestMain@6a78afa0]" started-at="2024-05-07T16:36:33 IST" name="londonDate" finished-at="2024-05-07T16:36:34 IST" duration-ms="302" status="PASS">
          <reporter-output>
          </reporter-output>
        </test-method> <!-- londonDate -->
        <test-method signature="londonTimeGap()[pri:10, instance:WorldClock.TestMain@6a78afa0]" started-at="2024-05-07T16:36:34 IST" name="londonTimeGap" finished-at="2024-05-07T16:36:34 IST" duration-ms="316" status="PASS">
          <reporter-output>
          </reporter-output>
        </test-method> <!-- londonTimeGap -->
        <test-method signature="NewYorkWatchTitle()[pri:11, instance:WorldClock.TestMain@6a78afa0]" started-at="2024-05-07T16:36:34 IST" name="NewYorkWatchTitle" finished-at="2024-05-07T16:36:34 IST" duration-ms="109" status="PASS">
          <reporter-output>
          </reporter-output>
        </test-method> <!-- NewYorkWatchTitle -->
        <test-method signature="NewYorkTime()[pri:12, instance:WorldClock.TestMain@6a78afa0]" started-at="2024-05-07T16:36:34 IST" name="NewYorkTime" finished-at="2024-05-07T16:36:34 IST" duration-ms="301" status="PASS">
          <reporter-output>
          </reporter-output>
        </test-method> <!-- NewYorkTime -->
        <test-method signature="NewYorkDate()[pri:13, instance:WorldClock.TestMain@6a78afa0]" started-at="2024-05-07T16:36:34 IST" name="NewYorkDate" finished-at="2024-05-07T16:36:35 IST" duration-ms="281" status="PASS">
          <reporter-output>
          </reporter-output>
        </test-method> <!-- NewYorkDate -->
        <test-method signature="NewYorkTimeGap()[pri:14, instance:WorldClock.TestMain@6a78afa0]" started-at="2024-05-07T16:36:35 IST" name="NewYorkTimeGap" finished-at="2024-05-07T16:36:35 IST" duration-ms="262" status="PASS">
          <reporter-output>
          </reporter-output>
        </test-method> <!-- NewYorkTimeGap -->
        <test-method signature="scroll()[pri:15, instance:WorldClock.TestMain@6a78afa0]" started-at="2024-05-07T16:36:35 IST" name="scroll" finished-at="2024-05-07T16:36:35 IST" duration-ms="412" status="PASS">
          <reporter-output>
          </reporter-output>
        </test-method> <!-- scroll -->
        <test-method signature="viewApps()[pri:16, instance:WorldClock.TestMain@6a78afa0]" started-at="2024-05-07T16:36:35 IST" name="viewApps" finished-at="2024-05-07T16:36:44 IST" duration-ms="8256" status="PASS">
          <reporter-output>
          </reporter-output>
        </test-method> <!-- viewApps -->
        <test-method signature="appsAlphabet()[pri:17, instance:WorldClock.TestMain@6a78afa0]" started-at="2024-05-07T16:36:44 IST" name="appsAlphabet" finished-at="2024-05-07T16:36:46 IST" duration-ms="2001" status="PASS">
          <reporter-output>
          </reporter-output>
        </test-method> <!-- appsAlphabet -->
        <test-method signature="randomAlphabet()[pri:18, instance:WorldClock.TestMain@6a78afa0]" started-at="2024-05-07T16:36:46 IST" name="randomAlphabet" finished-at="2024-05-07T16:36:52 IST" duration-ms="6430" status="PASS">
          <reporter-output>
          </reporter-output>
        </test-method> <!-- randomAlphabet -->
        <test-method is-config="true" signature="closeBrowser()[pri:0, instance:WorldClock.TestMain@6a78afa0]" started-at="2024-05-07T16:36:53 IST" name="closeBrowser" finished-at="2024-05-07T16:37:03 IST" duration-ms="10336" status="PASS">
          <reporter-output>
          </reporter-output>
        </test-method> <!-- closeBrowser -->
      </class> <!-- WorldClock.TestMain -->
    </test> <!-- Default test -->
  </suite> <!-- Default suite -->
</testng-results>
