<?xml version="1.0" encoding="UTF-8"?>
<!-- Generated by org.testng.reporters.JUnitXMLReporter -->
<testsuite ignored="0" hostname="LTIN470133" failures="0" tests="18" name="Default test" time="36.409" errors="0" timestamp="2024-05-07T16:36:52 IST">
  <testcase classname="WorldClock.TestMain" name="userInfo" time="14.261"/>
  <testcase classname="WorldClock.TestMain" name="Test_WorldClock_Title" time="0.819"/>
  <testcase classname="WorldClock.TestMain" name="bangloreTimeZone" time="0.441"/>
  <testcase classname="WorldClock.TestMain" name="bangaloreWatchTitle" time="0.322"/>
  <testcase classname="WorldClock.TestMain" name="bangaloreTime" time="0.329"/>
  <testcase classname="WorldClock.TestMain" name="bangaloreDate" time="0.292"/>
  <testcase classname="WorldClock.TestMain" name="londonWatchTitle" time="0.07"/>
  <testcase classname="WorldClock.TestMain" name="londonTime" time="0.332"/>
  <testcase classname="WorldClock.TestMain" name="londonDate" time="0.302"/>
  <testcase classname="WorldClock.TestMain" name="londonTimeGap" time="0.316"/>
  <testcase classname="WorldClock.TestMain" name="NewYorkWatchTitle" time="0.109"/>
  <testcase classname="WorldClock.TestMain" name="NewYorkTime" time="0.301"/>
  <testcase classname="WorldClock.TestMain" name="NewYorkDate" time="0.281"/>
  <testcase classname="WorldClock.TestMain" name="NewYorkTimeGap" time="0.262"/>
  <testcase classname="WorldClock.TestMain" name="scroll" time="0.412"/>
  <testcase classname="WorldClock.TestMain" name="viewApps" time="8.256"/>
  <testcase classname="WorldClock.TestMain" name="appsAlphabet" time="2.001"/>
  <testcase classname="WorldClock.TestMain" name="randomAlphabet" time="6.43"/>
</testsuite> <!-- Default test -->
